<?xml version="1.0" encoding="UTF-8"?>
<testsuite xmlns:xsi="http://www.w3.org/2001/XMLSchema-instance" xsi:noNamespaceSchemaLocation="https://maven.apache.org/surefire/maven-surefire-plugin/xsd/surefire-test-report.xsd" name="com.yesim.test.runner.CucumberRunner" time="1.451" tests="6" errors="6" skipped="0" failures="0">
  <properties>
[...]
</properties>
  <testcase name="Geçersiz kullanıcı ile uygulamaya giriş yapmaya çalışma senaryo" classname="Login test senaryoları" time="0.253">
    <error message="The driver executable does not exist: C:\Users\91098874\Desktop\CucumberTestAutomationProject\.\drivers\chromedriver" type="java.lang.IllegalStateException">java.lang.IllegalStateException: The driver executable does not exist: C:\Users\91098874\Desktop\CucumberTestAutomationProject\.\drivers\chromedriver
</error>
  </testcase>
  <testcase name="Geçerli kullanıcı ile uygulamaya giriş yapmaya çalışma senaryo" classname="Login test senaryoları" time="0.007">
    <error message="The driver executable does not exist: C:\Users\91098874\Desktop\CucumberTestAutomationProject\.\drivers\chromedriver" type="java.lang.IllegalStateException">java.lang.IllegalStateException: The driver executable does not exist: C:\Users\91098874\Desktop\CucumberTestAutomationProject\.\drivers\chromedriver
</error>
  </testcase>
  <testcase name="Geçerli kullanıcı ile uygulamaya başarılı giriş yaptıktan sonra swipe senaryo" classname="Login test senaryoları" time="0.007">
    <error message="The driver executable does not exist: C:\Users\91098874\Desktop\CucumberTestAutomationProject\.\drivers\chromedriver" type="java.lang.IllegalStateException">java.lang.IllegalStateException: The driver executable does not exist: C:\Users\91098874\Desktop\CucumberTestAutomationProject\.\drivers\chromedriver
</error>
  </testcase>
  <testcase name="Geçerli kullanıcı ile uygulamaya başarılı giriş yaptıktan sonra arama yapma" classname="Login test senaryoları" time="0.007">
    <error message="The driver executable does not exist: C:\Users\91098874\Desktop\CucumberTestAutomationProject\.\drivers\chromedriver" type="java.lang.IllegalStateException">java.lang.IllegalStateException: The driver executable does not exist: C:\Users\91098874\Desktop\CucumberTestAutomationProject\.\drivers\chromedriver
</error>
  </testcase>
  <testcase name="Geçerli kullanıcı ile uygulamaya başarılı giriş yaptıktan sonra arama yapılıp istenilen ürün seçilir" classname="Login test senaryoları" time="0.015">
    <error message="The driver executable does not exist: C:\Users\91098874\Desktop\CucumberTestAutomationProject\.\drivers\chromedriver" type="java.lang.IllegalStateException">java.lang.IllegalStateException: The driver executable does not exist: C:\Users\91098874\Desktop\CucumberTestAutomationProject\.\drivers\chromedriver
</error>
  </testcase>
  <testcase name="com.yesim.test.runner.CucumberRunner" classname="com.yesim.test.runner.CucumberRunner" time="0.021">
    <error message="No format for key faıled" type="java.lang.NullPointerException">java.lang.NullPointerException: No format for key faıled
</error>
    <system-out><![CDATA[
]]></system-out>
  </testcase>
</testsuite>